TN:
SF:lib/account.js
FN:2,(anonymous_0)
FN:6,(anonymous_1)
FN:10,(anonymous_2)
FN:12,(anonymous_3)
FNF:4
FNH:4
FNDA:4,(anonymous_0)
FNDA:6,(anonymous_1)
FNDA:6,(anonymous_2)
FNDA:4,(anonymous_3)
DA:3,4
DA:7,6
DA:11,6
DA:12,6
DA:13,6
DA:17,2
LF:6
LH:6
BRF:0
BRH:0
end_of_record
TN:
SF:lib/statement_printer.js
FN:7,(anonymous_0)
FN:11,(anonymous_1)
FN:14,(anonymous_2)
FN:24,(anonymous_3)
FNF:4
FNH:4
FNDA:1,(anonymous_0)
FNDA:1,(anonymous_1)
FNDA:3,(anonymous_2)
FNDA:3,(anonymous_3)
DA:1,1
DA:2,1
DA:4,1
DA:8,1
DA:12,1
DA:13,1
DA:14,1
DA:15,3
DA:16,3
DA:17,2
DA:19,1
DA:22,1
DA:23,1
DA:24,1
DA:25,3
DA:27,1
DA:31,1
LF:17
LH:17
BRDA:16,0,0,2
BRDA:16,0,1,1
BRF:2
BRH:2
end_of_record
TN:
SF:lib/transaction.js
FN:4,(anonymous_0)
FNF:1
FNH:1
FNDA:7,(anonymous_0)
DA:1,3
DA:5,7
DA:6,7
DA:10,3
LF:4
LH:4
BRDA:4,0,0,4
BRF:1
BRH:1
end_of_record
